Arguments: 
  /usr/local/bin/node /usr/local/bin/yarn add jest redis async-redis axios babel-cli babel-core babel-jest babel-preset-env bable-preset-es2015 babel-preset-stage-2 express json nodemon puppeteer

PATH: 
  /Library/Frameworks/Python.framework/Versions/3.7/bin:/usr/local/bin:/usr/bin:/bin:/usr/sbin:/sbin:/Library/Frameworks/Python.framework/Versions/3.7/bin

Yarn version: 
  1.6.0

Node version: 
  8.11.3

Platform: 
  darwin x64

Trace: 
  Error: https://registry.yarnpkg.com/bable-preset-es2015: Not found
      at Request.params.callback [as _callback] (/usr/local/lib/node_modules/yarn/lib/cli.js:65327:18)
      at Request.self.callback (/usr/local/lib/node_modules/yarn/lib/cli.js:133155:22)
      at emitTwo (events.js:126:13)
      at Request.emit (events.js:214:7)
      at Request.<anonymous> (/usr/local/lib/node_modules/yarn/lib/cli.js:134138:10)
      at emitOne (events.js:116:13)
      at Request.emit (events.js:211:7)
      at IncomingMessage.<anonymous> (/usr/local/lib/node_modules/yarn/lib/cli.js:134058:12)
      at Object.onceWrapper (events.js:313:30)
      at emitNone (events.js:111:20)

npm manifest: 
  {
    "name": "gobble",
    "version": "0.9.0",
    "description": "financial data crawler for Buzzz tool",
    "main": "gobble.js",
    "scripts": {
      "test": "jest"
    },
    "repository": "git+https://github.com/keystQuant/gobble.git",
    "author": "peepee",
    "license": "MIT",
    "bugs": {
      "url": "https://github.com/keystQuant/gobble/issues"
    },
    "homepage": "https://github.com/keystQuant/gobble#readme",
    "dependencies": {
      "yarn": "^1.7.0"
    }
  }

yarn manifest: 
  No manifest

Lockfile: 
  # THIS IS AN AUTOGENERATED FILE. DO NOT EDIT THIS FILE DIRECTLY.
  # yarn lockfile v1
  
  
  yarn@^1.7.0:
    version "1.7.0"
    resolved "https://registry.yarnpkg.com/yarn/-/yarn-1.7.0.tgz#0076b9fde6010e01950526a609bc53bc175ef925"
